<?xml version="1.0" encoding="UTF-8"?>
<!-- Generated by org.testng.reporters.JUnitReportReporter -->
<testsuite hostname="Saptarshi" name="com.novopay.Corporate.ui.CreateCorpPageTest" tests="1" failures="0" timestamp="18 Oct 2019 07:19:06 GMT" time="239.371" errors="0">
  <testcase name="corpPageTest" time="239.371" classname="com.novopay.Corporate.ui.CreateCorpPageTest"/>
</testsuite> <!-- com.novopay.Corporate.ui.CreateCorpPageTest -->
